native/android/Pet/proguard-project.txt
# To enable ProGuard in your project, edit project.properties
# to define the proguard.config property as described in that file.
#
# Add project specific ProGuard rules here.
# By default, the flags in this file are appended to flags specified
# in ${sdk.dir}/tools/proguard/proguard-android.txt
# You can edit the include path and order by changing the ProGuard
# include property in project.properties.
#
# For more details, see
#   http://developer.android.com/guide/developing/tools/proguard.html

# Add any project specific keep options here:

# If your project uses WebView with JS, uncomment the following
# and specify the fully qualified class name to the JavaScript interface
# class:
#-keepclassmembers class fqcn.of.javascript.interface.for.webview {
#   public *;
#}
-ignorewarnings
-libraryjars libs/android-support-v4.jar
-libraryjars libs/libammsdk.jar
-libraryjars libs/universal-image-loader-1.9.2-SNAPSHOT-with-sources.jar
-keep class com.sina.weibo.sdk.**{*;}
-keep class com.aviary.**{*;}
-keep class com.buihha.audiorecorder.**{*;}
-keep class com.jeremyfeinstein.slidingmenu.lib.**{*;}
-keep class net.simonvt.numberpicker.**{*;}
-keep class android-support-v4.**{*;}
-keep class com.nostra13.universalimageloader.core.**{*;}
-keep class com.tencent.**{*;}
-keep class com.polites.android.**{*;}
-keep class dalvik.system.**{*;}
-keep class com.aidigame.hisun.pet.wxapi.**{*;}
-keep class com.aidigame.hisun.pet.constant.**{*;}
-keep class com.costum.android.widget.**{*;}
-keep class com.aidigame.hisun.pet.widget.fragment.ClawStyleFunction {*;}
-keep class com.aidigame.hisun.pet.view.arcmenu.**{*;}
-keep public class * extends android.app.Activity

-keep public class * extends android.app.Application {*;}

-keep public class * extends android.app.Service

-keep public class * extends android.content.BroadcastReceiver

-keep public class * extends android.content.ContentProvider
-keep public class * extends android.view.View {*;}
-keep public class * extends android.widget.Adapter {*;}
-keepnames class * implements java.io.Serializable
-keepclassmembers class * implements java.io.Serializable {*;}
-keep class com.aidigame.hisun.pet.bean.*{*;}
-keep public class * extends android.preference.Preference {*;}
-keep class android.content.SharedPreferences {*;}
-keep class com.aidigame.hisun.pet.util.HandleHttpConnectionException {*;}
-keep class com.aidigame.hisun.pet.ui.NewRegisterActivity {*;}




-keep class com.aviary.android.feather.headless.AviaryEffect
-keep class com.aviary.android.feather.headless.gl.GLUtils
-keep class com.aviary.android.feather.headless.moa.Moa
-keep class com.aviary.android.feather.headless.moa.MoaHD
-keep class com.aviary.android.feather.headless.filters.NativeFilterProxy
-keep class com.aviary.android.feather.headless.filters.NativeToolFilter
-keep class com.aviary.android.feather.headless.utils.CameraUtils
-keep class com.aviary.android.feather.headless.moa.MoaResult
-keep class com.aviary.android.feather.opengl.AviaryGLSurfaceView
-keep class com.aviary.android.feather.library.external.tracking.TrackerFactory
-keep class com.aviary.android.feather.library.tracking.AbstractTracker
-keep class com.aviary.android.feather.library.services.BaseContextService
-keep class com.aviary.android.feather.utils.SettingsUtils

-keep class it.sephiroth.android.library.imagezoom.easing.Easing
-keep class it.sephiroth.android.library.media.ExifInterfaceExtended
-keep class it.sephiroth.android.library.imagezoom.ImageViewTouchBase

-keep interface com.aviary.android.feather.library.services.IAviaryController
-keep interface com.aviary.android.feather.headless.filters.IFilter
-keep interface com.aviary.android.feather.headless.filters.INativeFilter

-keep class * extends com.aviary.android.feather.library.services.BaseContextService
-keep class * extends com.aviary.android.feather.library.tracking.AbstractTracker
-keep class * extends com.aviary.android.feather.headless.filters.IFilter
-keep class * extends com.aviary.android.feather.headless.filters.INativeFilter
-keep class * extends it.sephiroth.android.library.imagezoom.ImageViewTouchBase



-keep class com.dodola.model.*{*;}
-keep class com.dodowaterfall.*{*;}
-keep class com.example.android.bitmapfun.util.*{*;}
-keep class com.huewu.pla.lib.*{*;}
-keep class me.maxwin.view.*{*;}


-keep class * implements java.lang.Runnable {*;}
-keep class * implements com.aviary.android.feather.library.services.IAviaryController


-keepclasseswithmembers class * {
    public <init>( com.aviary.android.feather.library.services.IAviaryController );
}

-keepclasseswithmembers class * {
    protected <init>( com.aviary.android.feather.library.services.BaseContextService );
}

-keepclassmembers interface it.sephiroth.android.library.imagezoom.easing.Easing { *; }
-keepclassmembers class com.aviary.android.feather.library.tracking.AbstractTracker { *; }
-keepclassmembers class com.aviary.android.feather.library.external.tracking.TrackerFactory { *; }
-keepclassmembers class * implements it.sephiroth.android.library.imagezoom.easing.Easing { *; }
-keepclassmembers class com.aviary.android.feather.utils.SettingsUtils { *; }
-keepclassmembers class com.aviary.android.feather.headless.moa.MoaResult { *; }

# Keep all the native methods
-keepclassmembers class * {
   private native <methods>;
   public native <methods>;
   protected native <methods>;
   public static native <methods>;
   private static native <methods>;
   static native <methods>;
   native <methods>;
}

-keepattributes *Annotation*
-dontwarn android.support.**
-keep class android.support.v4.** { *; }
-keep interface android.support.v4.** { *; }









# Specifies to exhaustively list classes and class members matched by the various -keep options.
# The list is printed to the standard output or to the given file. The list can be useful to verify if the intended class members
# are really found, especially if you're using wildcards. For example, you may want to list all the applications or all the
# applets that you are keeping.
-printseeds proguard_keep.txt

# Specifies to list dead code of the input class files. The list is printed to the standard output or to the given file.
# For example, you can list the unused code of an application. Only applicable when shrinking.
-printusage proguard_unused.txt

# Specifies to print the mapping from old names to new names for classes and class members that have been renamed.
# The mapping is printed to the standard output or to the given file. For example, it is required for subsequent incremental
# obfuscation, or if you ever want to make sense again of obfuscated stack traces. Only applicable when obfuscating.
-printmapping proguard_mapping.txt

# Specifies to write out the entire configuration that has been parsed, with included files and replaced variables.
# The structure is printed to the standard output or to the given file.
# This can sometimes be useful for debugging configurations, or for converting XML configurations into a more readable format.
-printconfiguration proguard_configuration.txt

# Specifies to write out the internal structure of the class files, after any processing.
# The structure is printed to the standard output or to the given file.
# For example, you may want to write out the contents of a given jar file, without processing it at all.
-dump proguard_dump.txt

-verbose
-dontobfuscate
-dontpreverify
-optimizationpasses 5
-optimizations !code/simplification/arithmetic
#-optimizations !code/simplification/arithmetic,!field/*,!class/merging/*,!code/allocation/variable

-dontwarn com.squareup.okhttp.internal.**

# common library
-keep class com.aviary.android.feather.common.AviaryIntent
-keep class com.aviary.android.feather.common.tracking.AviaryTracker
-keep class com.aviary.android.feather.common.tracking.AbstractTracker
-keep class com.aviary.android.feather.common.log.LoggerFactory
-keep class com.aviary.android.feather.headless.gl.GLUtils
-keep class com.aviary.android.feather.library.services.BaseContextService
-keep class com.aviary.android.feather.library.external.tracking.TrackerFactory


# headless library
-keep interface com.aviary.android.feather.headless.filters.IFilter
-keep class com.aviary.android.feather.headless.AviaryEffect
-keep class com.aviary.android.feather.headless.moa.Moa
-keep class com.aviary.android.feather.headless.moa.MoaHD
-keep class com.aviary.android.feather.headless.moa.MoaParameter
-keep class com.aviary.android.feather.headless.utils.CameraUtils

-keep class com.aviary.android.feather.sdk.BuildConfig
-keep class com.aviary.android.feather.cds.BuildConfig
-keep class com.aviary.android.feather.headless.BuildConfig
-keep class com.aviary.android.feather.common.BuildConfig

-keep class * extends com.aviary.android.feather.headless.filters.IFilter
-keep class * extends com.aviary.android.feather.headless.moa.MoaParameter


-keep class * extends com.aviary.android.feather.library.services.BaseContextService
-keep class * extends com.aviary.android.feather.common.tracking.AbstractTracker
-keep class * extends android.app.Service
-keep class * extends android.os.AsyncTask
-keep class * extends android.app.Activity
-keep class * extends android.app.Application
-keep class * extends android.app.Service
-keep class * extends android.content.BroadcastReceiver
-keep class * extends android.content.ContentProvider
-keep class com.android.vending.licensing.ILicensingService
-keep public class com.android.vending.billing.IInAppBillingService


-keepclassmembers class com.aviary.android.feather.common.utils.SDKUtils {*;}
-keepclassmembers class com.aviary.android.feather.common.utils.SDKUtils$ApiKeyReader {*;}

# keep everything for native methods/fields
-keepclassmembers class com.aviary.android.feather.headless.moa.Moa {*;}
-keepclassmembers class com.aviary.android.feather.headless.moa.MoaHD {*;}
-keepclassmembers class com.aviary.android.feather.headless.utils.CameraUtils {*;}
-keepclassmembers class com.aviary.android.feather.headless.moa.MoaResult {*;}
-keepclassmembers class com.aviary.android.feather.sdk.opengl.AviaryGLSurfaceView {*;}

-keepclassmembers class com.aviary.android.feather.headless.filters.MoaJavaToolStrokeResult {
  <methods>;
}

-keepclassmembers class com.aviary.android.feather.headless.gl.GLUtils {
  <methods>;
}

-keepclassmembers class com.aviary.android.feather.headless.filters.NativeToolFilter {*;}

-keepclassmembers class com.aviary.android.feather.common.AviaryIntent {*;}
-keepclassmembers class com.aviary.android.feather.common.utils.os.AviaryIntentService {*;}
-keepclassmembers class com.aviary.android.feather.common.utils.os.AviaryAsyncTask {*;}

-keepclassmembers class com.aviary.android.feather.common.tracking.AbstractTracker {
    <fields>;
}
-keepclassmembers class com.aviary.android.feather.common.tracking.AviaryTracker {
    <fields>;
}

-keepclassmembers class com.aviary.android.feather.common.log.LoggerFactory {
    <fields>;
}

-keepclassmembers class com.aviary.android.feather.sdk.BuildConfig {*;}
-keepclassmembers class com.aviary.android.feather.cds.BuildConfig {*;}
-keepclassmembers class com.aviary.android.feather.headless.BuildConfig {*;}
-keepclassmembers class com.aviary.android.feather.common.BuildConfig {*;}


# keep class members
-keepclassmembers class com.aviary.android.feather.library.tracking.AbstractTracker { *; }
-keepclassmembers class com.aviary.android.feather.library.external.tracking.TrackerFactory { *; }
-keepclassmembers class com.aviary.android.feather.headless.gl.GLUtils { *; }
-keepclassmembers class com.aviary.android.feather.headless.moa.MoaResult { *; }
-keepclassmembers class com.aviary.android.feather.library.services.BaseContextService { *; }
-keepclassmembers class com.aviary.android.feather.utils.SettingsUtils { *; }

-keepclassmembers class * extends com.aviary.android.feather.library.services.BaseContextService {
   public <init>( com.aviary.android.feather.library.services.IAviaryController );
}

-keepclasseswithmembers class * {
    public <init>( com.aviary.android.feather.library.services.IAviaryController );
}

-keepclassmembers class * implements android.os.Parcelable {
    static ** CREATOR;
}

# Keep all the native methods
-keepclassmembers class * {
   private native <methods>;
   public native <methods>;
   protected native <methods>;
   public static native <methods>;
   private static native <methods>;
   static native <methods>;
   native <methods>;
}

-keepclasseswithmembers class * {
    public <init>( com.aviary.android.feather.library.services.IAviaryController );
}