native/android/Pet/proguard/seeds.txt
com.aidigame.hisun.pet.FirstPageActivity
com.aidigame.hisun.pet.FirstPageActivity: FirstPageActivity()
com.aidigame.hisun.pet.FirstPageActivity$2
com.aidigame.hisun.pet.FirstPageActivity$3$1
com.aidigame.hisun.pet.FirstPageActivity$3$1: com.aidigame.hisun.pet.FirstPageActivity$3 this$1
com.aidigame.hisun.pet.FirstPageActivity$3$1: FirstPageActivity$3$1(com.aidigame.hisun.pet.FirstPageActivity$3)
com.aidigame.hisun.pet.FirstPageActivity$3$1: void run()
com.aidigame.hisun.pet.FirstPageActivity$4
com.aidigame.hisun.pet.FirstPageActivity$4: com.aidigame.hisun.pet.FirstPageActivity this$0
com.aidigame.hisun.pet.FirstPageActivity$4: FirstPageActivity$4(com.aidigame.hisun.pet.FirstPageActivity)
com.aidigame.hisun.pet.FirstPageActivity$4: void run()
com.aidigame.hisun.pet.PetApplication
com.aidigame.hisun.pet.PetApplication: com.aidigame.hisun.pet.PetApplication petApp
com.aidigame.hisun.pet.PetApplication: com.aidigame.hisun.pet.bean.User user
com.aidigame.hisun.pet.PetApplication: com.aidigame.hisun.pet.constant.Constants constants
com.aidigame.hisun.pet.PetApplication: float TARGET_HEAP_UTILIZATION
com.aidigame.hisun.pet.PetApplication: java.util.LinkedList activityList
com.aidigame.hisun.pet.PetApplication: PetApplication()
com.aidigame.hisun.pet.PetApplication: void onCreate()
com.aidigame.hisun.pet.R$anim: int anim_rotate
com.aidigame.hisun.pet.R$anim: int anim_scale
com.aidigame.hisun.pet.R$anim: int anim_translate
com.aidigame.hisun.pet.R$anim: int anim_translate_showtopic_addcommentlayout_in
com.aidigame.hisun.pet.R$anim: int anim_translate_showtopic_addcommentlayout_out
com.aidigame.hisun.pet.R$anim: int anim_translate_showtopic_sharelayout
com.aidigame.hisun.pet.R$anim: int anim_user_info_view
com.aidigame.hisun.pet.R$anim: int anim_user_weibo_info
com.aidigame.hisun.pet.R$anim: int aviary_bottobar_in_animation
com.aidigame.hisun.pet.R$anim: int aviary_bottobar_out_animation
com.aidigame.hisun.pet.R$anim: int aviary_fadein_layout_animation
com.aidigame.hisun.pet.R$anim: int aviary_iap_close_animation
com.aidigame.hisun.pet.R$anim: int aviary_iap_layout_animation
com.aidigame.hisun.pet.R$anim: int aviary_push_up_in
com.aidigame.hisun.pet.R$anim: int aviary_push_up_out
com.aidigame.hisun.pet.R$anim: int aviary_slide_in_left
com.aidigame.hisun.pet.R$anim: int aviary_slide_in_right
com.aidigame.hisun.pet.R$anim: int aviary_slide_in_top
com.aidigame.hisun.pet.R$anim: int aviary_slide_out_bottom
com.aidigame.hisun.pet.R$anim: int aviary_slide_out_left
com.aidigame.hisun.pet.R$anim: int aviary_slide_out_right
com.aidigame.hisun.pet.R$anim: int aviary_toast_exit
com.aidigame.hisun.pet.R$array: int aviary_crop_labels
com.aidigame.hisun.pet.R$array: int aviary_crop_values
com.aidigame.hisun.pet.R$array: int aviary_draw_brush_sizes
com.aidigame.hisun.pet.R$array: int aviary_draw_fill_colors
com.aidigame.hisun.pet.R$array: int aviary_spot_brush_sizes
com.aidigame.hisun.pet.R$array: int aviary_text_fill_colors
com.aidigame.hisun.pet.R$array: int borders_list
com.aidigame.hisun.pet.R$array: int cat_race
com.aidigame.hisun.pet.R$array: int classs
com.aidigame.hisun.pet.R$array: int dog_race
com.aidigame.hisun.pet.R$array: int faq_item_1_a
com.aidigame.hisun.pet.R$array: int faq_item_1_q
com.aidigame.hisun.pet.R$array: int faq_item_2_a
com.aidigame.hisun.pet.R$array: int faq_item_2_q
com.aidigame.hisun.pet.R$array: int faq_item_3_a
com.aidigame.hisun.pet.R$array: int faq_item_3_q
com.aidigame.hisun.pet.R$array: int faq_item_4_a
com.aidigame.hisun.pet.R$array: int faq_item_4_q
com.aidigame.hisun.pet.R$array: int faq_item_5_a
com.aidigame.hisun.pet.R$array: int faq_item_5_q
com.aidigame.hisun.pet.R$array: int faq_item_6_a
com.aidigame.hisun.pet.R$array: int faq_item_6_q
com.aidigame.hisun.pet.R$array: int faq_list1
com.aidigame.hisun.pet.R$array: int gender
com.aidigame.hisun.pet.R$array: int job
com.aidigame.hisun.pet.R$array: int stars
...
com.costum.android.widget.PullToRefreshListView$OnClickRefreshListener
com.costum.android.widget.PullToRefreshListView$OnClickRefreshListener: com.costum.android.widget.PullToRefreshListView this$0
com.costum.android.widget.PullToRefreshListView$OnClickRefreshListener: PullToRefreshListView$OnClickRefreshListener(com.costum.android.widget.PullToRefreshListView)
com.costum.android.widget.PullToRefreshListView$OnClickRefreshListener: void onClick(android.view.View)
com.costum.android.widget.PullToRefreshListView$OnClickRefreshListener: PullToRefreshListView$OnClickRefreshListener(com.costum.android.widget.PullToRefreshListView,com.costum.android.widget.PullToRefreshListView$OnClickRefreshListener)
com.costum.android.widget.PullToRefreshListView$OnRefreshListener
com.costum.android.widget.PullToRefreshListView$OnRefreshListener: void onRefresh()
com.dodola.model.DuitangInfo
com.dodola.model.DuitangInfo: int height
com.dodola.model.DuitangInfo: java.lang.String albid
com.dodola.model.DuitangInfo: java.lang.String msg
com.dodola.model.DuitangInfo: java.lang.String isrc
com.dodola.model.DuitangInfo: int width
com.dodola.model.DuitangInfo: long img_id
com.dodola.model.DuitangInfo: long a_id
com.dodola.model.DuitangInfo: DuitangInfo()
com.dodola.model.DuitangInfo: int getWidth()
com.dodola.model.DuitangInfo: java.lang.String getAlbid()
com.dodola.model.DuitangInfo: void setAlbid(java.lang.String)
com.dodola.model.DuitangInfo: java.lang.String getMsg()
com.dodola.model.DuitangInfo: void setMsg(java.lang.String)
com.dodola.model.DuitangInfo: java.lang.String getIsrc()
com.dodola.model.DuitangInfo: void setIsrc(java.lang.String)
com.dodola.model.DuitangInfo: int hashCode()
com.dodola.model.DuitangInfo: boolean equals(java.lang.Object)
com.dodola.model.DuitangInfo: int getHeight()
com.dodola.model.DuitangInfo: void setHeight(int)
com.dodola.model.Infos
com.dodola.model.Infos: java.lang.String newsLast
com.dodola.model.Infos: int type
com.dodola.model.Infos: java.util.List newsInfos
com.dodola.model.Infos: Infos()
com.dodola.model.Infos: java.lang.String getNewsLast()
com.dodola.model.Infos: void setNewsLast(java.lang.String)
com.dodola.model.Infos: int getType()
com.dodola.model.Infos: void setType(int)
com.dodola.model.Infos: java.util.List getNewsInfos()
com.dodola.model.Infos: void setNewsInfos(java.util.List)
com.dodowaterfall.Constants
com.dodowaterfall.Constants: int COLUMN_COUNT
com.dodowaterfall.Constants: int PICTURE_COUNT_PER_LOAD
com.dodowaterfall.Constants: int PICTURE_TOTAL_COUNT
com.dodowaterfall.Constants: int HANDLER_WHAT
com.dodowaterfall.Constants: int MESSAGE_DELAY
com.dodowaterfall.Constants: Constants()
com.dodowaterfall.Helper
com.dodowaterfall.Helper: Helper()
com.dodowaterfall.Helper: boolean checkConnection(android.content.Context)
com.dodowaterfall.Helper: boolean isWifi(android.content.Context)
com.dodowaterfall.Helper: java.lang.String getStringFromUrl(java.lang.String)