native/android/Pet/proguard/mapping.txt
com.aidigame.hisun.pet.CrashHandler -> com.aidigame.hisun.pet.a:
    java.lang.Thread$UncaughtExceptionHandler mDefaultHandler -> a
    com.aidigame.hisun.pet.CrashHandler INSTANCE -> b
    android.content.Context mContext -> c
    java.util.Map infos -> d
    java.text.SimpleDateFormat format -> e
    com.aidigame.hisun.pet.CrashHandler getInstance() -> a
    void init(android.content.Context) -> a
    void uncaughtException(java.lang.Thread,java.lang.Throwable) -> uncaughtException
    boolean handleException(java.lang.Throwable) -> a
    void collectDeviceInfo(android.content.Context) -> b
    java.lang.String saveCrashInfo2File(java.lang.Throwable) -> b
com.aidigame.hisun.pet.FirstPageActivity -> com.aidigame.hisun.pet.FirstPageActivity:
    android.widget.ImageView welcomeImage -> a
    android.widget.ImageView imageView -> b
    boolean canJump -> c
    android.view.animation.Animation animation -> d
    com.aidigame.hisun.pet.util.HandleHttpConnectionException handleHttpConnectionException -> e
    android.os.Handler handler -> f
    boolean netIsNotConnect -> g
    android.content.BroadcastReceiver receiver -> h
    void onCreate(android.os.Bundle) -> onCreate
    void login() -> a
    void getSIDAndUserID() -> b
    void onDestroy() -> onDestroy
com.aidigame.hisun.pet.FirstPageActivity$1 -> com.aidigame.hisun.pet.b:
    com.aidigame.hisun.pet.FirstPageActivity this$0 -> a
    void handleMessage(android.os.Message) -> handleMessage
com.aidigame.hisun.pet.FirstPageActivity$2 -> com.aidigame.hisun.pet.c:
    com.aidigame.hisun.pet.FirstPageActivity this$0 -> a
    void onReceive(android.content.Context,android.content.Intent) -> onReceive
com.aidigame.hisun.pet.FirstPageActivity$3 -> com.aidigame.hisun.pet.d:
    com.aidigame.hisun.pet.FirstPageActivity this$0 -> a
    void onLoadingStarted(java.lang.String,android.view.View) -> onLoadingStarted
    void onLoadingFailed(java.lang.String,android.view.View,com.nostra13.universalimageloader.core.assist.FailReason) -> onLoadingFailed
    void onLoadingComplete(java.lang.String,android.view.View,android.graphics.Bitmap) -> onLoadingComplete
    void onLoadingCancelled(java.lang.String,android.view.View) -> onLoadingCancelled
    com.aidigame.hisun.pet.FirstPageActivity access$0(com.aidigame.hisun.pet.FirstPageActivity$3) -> a
com.aidigame.hisun.pet.FirstPageActivity$3$1 -> com.aidigame.hisun.pet.FirstPageActivity$3$1:
    com.aidigame.hisun.pet.FirstPageActivity$3 this$1 -> this$1
    void run() -> run
com.aidigame.hisun.pet.FirstPageActivity$4 -> com.aidigame.hisun.pet.FirstPageActivity$4:
    com.aidigame.hisun.pet.FirstPageActivity this$0 -> this$0
    void run() -> run
com.aidigame.hisun.pet.PetApplication -> com.aidigame.hisun.pet.PetApplication:
    com.aidigame.hisun.pet.PetApplication petApp -> petApp
    com.aidigame.hisun.pet.bean.User user -> user
    com.aidigame.hisun.pet.constant.Constants constants -> constants
    float TARGET_HEAP_UTILIZATION -> TARGET_HEAP_UTILIZATION
    java.util.LinkedList activityList -> activityList
    void onCreate() -> onCreate
com.aidigame.hisun.pet.R -> com.aidigame.hisun.pet.e:
...
com.tencent.mm.sdk.storage.CursorFieldHelper$10 -> com.tencent.mm.sdk.storage.CursorFieldHelper$10:
    void invoke(java.lang.reflect.Field,java.lang.Object,android.database.Cursor,int) -> invoke
com.tencent.mm.sdk.storage.CursorFieldHelper$11 -> com.tencent.mm.sdk.storage.CursorFieldHelper$11:
    void invoke(java.lang.reflect.Field,java.lang.Object,android.database.Cursor,int) -> invoke
com.tencent.mm.sdk.storage.CursorFieldHelper$12 -> com.tencent.mm.sdk.storage.CursorFieldHelper$12:
    void invoke(java.lang.reflect.Field,java.lang.Object,android.database.Cursor,int) -> invoke
com.tencent.mm.sdk.storage.CursorFieldHelper$13 -> com.tencent.mm.sdk.storage.CursorFieldHelper$13:
    void invoke(java.lang.reflect.Field,java.lang.Object,android.database.Cursor,int) -> invoke
com.tencent.mm.sdk.storage.CursorFieldHelper$14 -> com.tencent.mm.sdk.storage.CursorFieldHelper$14:
    void invoke(java.lang.reflect.Field,java.lang.Object,android.database.Cursor,int) -> invoke
com.tencent.mm.sdk.storage.CursorFieldHelper$15 -> com.tencent.mm.sdk.storage.CursorFieldHelper$15:
    void invoke(java.lang.reflect.Field,java.lang.Object,android.content.ContentValues) -> invoke
com.tencent.mm.sdk.storage.CursorFieldHelper$16 -> com.tencent.mm.sdk.storage.CursorFieldHelper$16:
    void invoke(java.lang.reflect.Field,java.lang.Object,android.content.ContentValues) -> invoke
com.tencent.mm.sdk.storage.CursorFieldHelper$17 -> com.tencent.mm.sdk.storage.CursorFieldHelper$17:
    void invoke(java.lang.reflect.Field,java.lang.Object,android.content.ContentValues) -> invoke
com.tencent.mm.sdk.storage.CursorFieldHelper$18 -> com.tencent.mm.sdk.storage.CursorFieldHelper$18:
    void invoke(java.lang.reflect.Field,java.lang.Object,android.content.ContentValues) -> invoke
com.tencent.mm.sdk.storage.CursorFieldHelper$19 -> com.tencent.mm.sdk.storage.CursorFieldHelper$19:
    void invoke(java.lang.reflect.Field,java.lang.Object,android.content.ContentValues) -> invoke
com.tencent.mm.sdk.storage.CursorFieldHelper$2 -> com.tencent.mm.sdk.storage.CursorFieldHelper$2:
    void invoke(java.lang.reflect.Field,java.lang.Object,android.database.Cursor,int) -> invoke
com.tencent.mm.sdk.storage.CursorFieldHelper$20 -> com.tencent.mm.sdk.storage.CursorFieldHelper$20:
    void invoke(java.lang.reflect.Field,java.lang.Object,android.content.ContentValues) -> invoke
com.tencent.mm.sdk.storage.CursorFieldHelper$21 -> com.tencent.mm.sdk.storage.CursorFieldHelper$21:
    void invoke(java.lang.reflect.Field,java.lang.Object,android.content.ContentValues) -> invoke
com.tencent.mm.sdk.storage.CursorFieldHelper$22 -> com.tencent.mm.sdk.storage.CursorFieldHelper$22:
    void invoke(java.lang.reflect.Field,java.lang.Object,android.content.ContentValues) -> invoke
com.tencent.mm.sdk.storage.CursorFieldHelper$23 -> com.tencent.mm.sdk.storage.CursorFieldHelper$23:
    void invoke(java.lang.reflect.Field,java.lang.Object,android.content.ContentValues) -> invoke
com.tencent.mm.sdk.storage.CursorFieldHelper$24 -> com.tencent.mm.sdk.storage.CursorFieldHelper$24:
    void invoke(java.lang.reflect.Field,java.lang.Object,android.content.ContentValues) -> invoke
com.tencent.mm.sdk.storage.CursorFieldHelper$25 -> com.tencent.mm.sdk.storage.CursorFieldHelper$25:
    void invoke(java.lang.reflect.Field,java.lang.Object,android.content.ContentValues) -> invoke
com.tencent.mm.sdk.storage.CursorFieldHelper$26 -> com.tencent.mm.sdk.storage.CursorFieldHelper$26:
    void invoke(java.lang.reflect.Field,java.lang.Object,android.content.ContentValues) -> invoke
com.tencent.mm.sdk.storage.CursorFieldHelper$27 -> com.tencent.mm.sdk.storage.CursorFieldHelper$27:
    void invoke(java.lang.reflect.Field,java.lang.Object,android.content.ContentValues) -> invoke
com.tencent.mm.sdk.storage.CursorFieldHelper$28 -> com.tencent.mm.sdk.storage.CursorFieldHelper$28:
    void invoke(java.lang.reflect.Field,java.lang.Object,android.content.ContentValues) -> invoke