native/android/Pet/proguard/usage.txt
com.aidigame.hisun.pet.BuildConfig
com.aidigame.hisun.pet.CrashHandler:
    public static final java.lang.String TAG
com.aidigame.hisun.pet.R:
    10:10:public R()
com.aidigame.hisun.pet.R$anim
com.aidigame.hisun.pet.R$array
com.aidigame.hisun.pet.R$attr
com.aidigame.hisun.pet.R$color
com.aidigame.hisun.pet.R$dimen
com.aidigame.hisun.pet.R$drawable
com.aidigame.hisun.pet.R$id
com.aidigame.hisun.pet.R$integer
com.aidigame.hisun.pet.R$layout
com.aidigame.hisun.pet.R$menu
com.aidigame.hisun.pet.R$raw
com.aidigame.hisun.pet.R$string
com.aidigame.hisun.pet.R$style
com.aidigame.hisun.pet.R$styleable:
    5606:5606:public R$styleable()
com.aidigame.hisun.pet.adapter.ContributeRankListAdapter$Holder:
    boolean isFocus
com.aidigame.hisun.pet.adapter.HomeViewPagerAdapter:
    19:20:public void update(java.util.ArrayList)
com.aidigame.hisun.pet.adapter.MenuViewPagerAdapter
com.aidigame.hisun.pet.adapter.PopularRankListAdapter$Holder:
    boolean isFocus
com.aidigame.hisun.pet.adapter.PopularRankListAdapter$MyOnPreeDrawListener
com.aidigame.hisun.pet.adapter.UserActivityAdapter2$ItemClickListener
com.aidigame.hisun.pet.adapter.UserFocusAdapter$Holder:
    android.widget.TextView job
com.aidigame.hisun.pet.blur.Blur:
    private static final java.lang.String TAG
    13:13:public Blur()
com.aidigame.hisun.pet.blur.ImageUtils
com.aidigame.hisun.pet.http.HttpUtil:
    101:101:public HttpUtil()
    414:452:public static boolean changePlant(android.content.Context,int,android.os.Handler)
    1362:1401:public static int userShareNumsApi(android.content.Context,android.os.Handler)
    1974:2022:public static boolean marketList(android.content.Context,int,android.os.Handler)
    2789:2824:public static com.aidigame.hisun.pet.http.json.UserImagesJson downloadOtherUserHomepage(android.os.Handler,int,com.aidigame.hisun.pet.http.json.UserImagesJson$Data,android.app.Activity)
    3466:3529:public static boolean otherUserInfo(com.aidigame.hisun.pet.http.json.UserImagesJson$Data,android.os.Handler,android.app.Activity)
    3839:3913:public static java.lang.String downloadIconImage(java.lang.String,java.lang.String,android.os.Handler,android.app.Activity)
    3986:4017:public static void deleteImage(com.aidigame.hisun.pet.http.json.UserImagesJson$Data,android.app.Activity)
    4356:4383:public static com.aidigame.hisun.pet.http.json.MessagJson getMailList(int,boolean,android.os.Handler,android.content.Context)
    4391:4426:public static boolean deleteMail(com.aidigame.hisun.pet.bean.TalkMessage)
    5002:5052:public static void deleteTalk(android.content.Context,int,android.os.Handler)
    5525:5531:public static java.lang.String judgeError(int)
com.aidigame.hisun.pet.http.JsonUtil:
    10:10:public JsonUtil()
    13:35:public static boolean getErrorMessage(java.lang.String,android.app.Activity)
com.aidigame.hisun.pet.http.json.ActivityJson:
    public int state
    public java.lang.String version
    public java.lang.String confVersion
    public long currentTime
com.aidigame.hisun.pet.http.json.InfoJson:
    public int state
    public int errorCode
    public java.lang.String errorMessage
    public java.lang.String version
    public java.lang.String confVersion
    public long currentTime
    public java.util.ArrayList data
    public com.aidigame.hisun.pet.bean.User user
    28:28:public InfoJson()
com.aidigame.hisun.pet.http.json.InfoJson$Data
com.aidigame.hisun.pet.http.json.MessagJson
com.aidigame.hisun.pet.http.json.MessagJson$Data
com.aidigame.hisun.pet.http.json.MessagJson$DataSystem
com.aidigame.hisun.pet.http.json.UpdateImageJson
com.aidigame.hisun.pet.http.json.UpdateImageJson$Data
com.aidigame.hisun.pet.http.json.UserImagesJson$Comments
com.aidigame.hisun.pet.http.json.UserJson:
    public int state
    public java.lang.String version
    public java.lang.String confVersion
    public long currentTime
    public int final_id
    int mode
    43:46:public UserJson(java.lang.String,int)
    52:144:private void parseJson(java.lang.String)
...
com.nostra13.universalimageloader.utils.L:
    private static final java.lang.String LOG_FORMAT
    32:33:private L()
    37:38:public static void enableLogging()
    42:43:public static void disableLogging()
    66:67:public static varargs void e(java.lang.Throwable,java.lang.String,java.lang.Object[])
com.nostra13.universalimageloader.utils.MemoryCacheUtils:
    private static final java.lang.String URI_AND_SIZE_SEPARATOR
    private static final java.lang.String WIDTH_AND_HEIGHT_SEPARATOR
    38:39:private MemoryCacheUtils()
    67:73:public static java.util.List findCachedBitmapsForImageUri(java.lang.String,com.nostra13.universalimageloader.cache.memory.MemoryCacheAware)
    83:89:public static java.util.List findCacheKeysForImageUri(java.lang.String,com.nostra13.universalimageloader.cache.memory.MemoryCacheAware)
    99:108:public static void removeFromCache(java.lang.String,com.nostra13.universalimageloader.cache.memory.MemoryCacheAware)
com.nostra13.universalimageloader.utils.StorageUtils:
    private static final java.lang.String EXTERNAL_STORAGE_PERMISSION
    private static final java.lang.String INDIVIDUAL_DIR_NAME
    38:39:private StorageUtils()
com.sina.sso.RemoteSSO$Stub:
    private static final java.lang.String DESCRIPTOR
    static final int TRANSACTION_getPackageName
    static final int TRANSACTION_getActivityName
    static final int TRANSACTION_getLoginUserName
    13:16:public RemoteSSO$Stub()
    34:34:public android.os.IBinder asBinder()
com.sina.sso.RemoteSSO$Stub$Proxy:
    85:85:public java.lang.String getInterfaceDescriptor()
com.squareup.okhttp.Address:
    72:72:public int getUriPort()
    88:88:public javax.net.ssl.HostnameVerifier getHostnameVerifier()
    96:96:public com.squareup.okhttp.OkAuthenticator getAuthenticator()
    104:104:public java.util.List getTransports()
com.squareup.okhttp.Connection:
    274:274:public com.squareup.okhttp.internal.spdy.SpdyConnection getSpdyConnection()
com.squareup.okhttp.ConnectionPool:
    private static final int MAX_CONNECTIONS_TO_CLEANUP
    private static final long DEFAULT_KEEP_ALIVE_DURATION_MS
    130:133:java.util.List getConnections()
    142:149:private void waitForCleanupCallableToRun()
    157:157:public synchronized int getConnectionCount()
    162:166:public synchronized int getSpdyConnectionCount()
    171:175:public synchronized int getHttpConnectionCount()
    265:273:public void evictAll()
com.squareup.okhttp.Dispatcher:
    37:45:public synchronized void enqueue(java.net.HttpURLConnection,com.squareup.okhttp.Request,com.squareup.okhttp.Response$Receiver)
    48:53:public synchronized void cancel(java.lang.Object)
com.squareup.okhttp.Dispatcher$RealResponseBody:
    70:70:public java.lang.String contentType()
    74:74:public long contentLength()
    78:78:public java.io.InputStream byteStream()
com.squareup.okhttp.Failure:
    34:34:public com.squareup.okhttp.Request request()
    38:38:public java.lang.Throwable exception()
com.squareup.okhttp.HttpResponseCache:
    private static final int VERSION
    private static final int ENTRY_METADATA
    private static final int ENTRY_BODY
    private static final int ENTRY_COUNT
    338:339:public void delete()
    342:342:public synchronized int getWriteAbortCount()
    346:346:public synchronized int getWriteSuccessCount()
    350:350:public long getSize()
    354:354:public long getMaxSize()
    358:359:public void flush()
    362:363:public void close()
    366:366:public java.io.File getDirectory()
    370:370:public boolean isClosed()
    392:392:public synchronized int getNetworkCount()
    396:396:public synchronized int getHitCount()
    400:400:public synchronized int getRequestCount()
com.squareup.okhttp.MediaType